<?xml version="1.0" encoding="UTF-8"?>
<testng-results skipped="0" failed="0" ignored="0" total="0" passed="0">
  <reporter-output>
  </reporter-output>
  <suite name="com.durgasoft.selenium.Selenium_Maven.AppTest" duration-ms="29" started-at="2018-08-08T10:01:59Z" finished-at="2018-08-08T10:01:59Z">
    <groups>
    </groups>
    <test name="Command line test" duration-ms="29" started-at="2018-08-08T10:01:59Z" finished-at="2018-08-08T10:01:59Z">
    </test> <!-- Command line test -->
  </suite> <!-- com.durgasoft.selenium.Selenium_Maven.AppTest -->
</testng-results>
